app/build/outputs/logs/manifest-merger-debug-report.txt
-- Merging decision tree log ---
manifest
ADDED from src\main\AndroidManifest.xml:2:1-57:12
INJECTED from src\main\AndroidManifest.xml:2:1-57:12
INJECTED from src\main\AndroidManifest.xml:2:1-57:12
INJECTED from src\main\AndroidManifest.xml:2:1-57:12
MERGED from [com.android.support:cardview-v7:27.1.1] AndroidManifest.xml:17:1-22:12
MERGED from [com.android.support:design:27.1.1] AndroidManifest.xml:17:1-22:12
MERGED from [com.android.support:recyclerview-v7:27.1.1] AndroidManifest.xml:17:1-22:12
MERGED from [com.android.support:appcompat-v7:27.1.1] AndroidManifest.xml:17:1-22:12
MERGED from [com.android.support.constraint:constraint-layout:1.1.3] AndroidManifest.xml:2:1-11:12
MERGED from [com.google.android.gms:play-services-maps:15.0.1] AndroidManifest.xml:17:1-32:12
MERGED from [com.google.android.gms:play-services-base:15.0.1] AndroidManifest.xml:17:1-29:12
MERGED from [com.google.android.gms:play-services-tasks:15.0.1] AndroidManifest.xml:2:1-9:12
MERGED from [com.google.android.gms:play-services-basement:15.0.1] AndroidManifest.xml:17:1-28:12
MERGED from [com.android.support:support-v4:27.1.1] AndroidManifest.xml:17:1-22:12
MERGED from [com.android.support:support-fragment:27.1.1] AndroidManifest.xml:17:1-22:12
MERGED from [com.android.support:animated-vector-drawable:27.1.1] AndroidManifest.xml:17:1-22:12
MERGED from [com.android.support:support-core-ui:27.1.1] AndroidManifest.xml:17:1-22:12
MERGED from [com.android.support:support-core-utils:27.1.1] AndroidManifest.xml:17:1-22:12
MERGED from [com.android.support:support-vector-drawable:27.1.1] AndroidManifest.xml:17:1-22:12
MERGED from [com.android.support:transition:27.1.1] AndroidManifest.xml:17:1-22:12
MERGED from [com.android.support:support-media-compat:27.1.1] AndroidManifest.xml:17:1-22:12
MERGED from [com.android.support:support-compat:27.1.1] AndroidManifest.xml:17:1-22:12
MERGED from [android.arch.lifecycle:livedata-core:1.1.0] AndroidManifest.xml:17:1-22:12
MERGED from [android.arch.lifecycle:viewmodel:1.1.0] AndroidManifest.xml:17:1-22:12
MERGED from [android.arch.lifecycle:runtime:1.1.0] AndroidManifest.xml:17:1-22:12
MERGED from [android.arch.core:runtime:1.1.0] AndroidManifest.xml:17:1-22:12
INJECTED from src\main\AndroidManifest.xml:2:1-57:12
INJECTED from src\main\AndroidManifest.xml:2:1-57:12
INJECTED from src\main\AndroidManifest.xml:2:1-57:12
	package
		ADDED from src\main\AndroidManifest.xml:3:5-39
		INJECTED from src\main\AndroidManifest.xml
		INJECTED from src\main\AndroidManifest.xml
	android:versionName
		INJECTED from src\main\AndroidManifest.xml
		ADDED from src\main\AndroidManifest.xml:2:1-57:12
		INJECTED from src\main\AndroidManifest.xml
	android:versionCode
		INJECTED from src\main\AndroidManifest.xml
		ADDED from src\main\AndroidManifest.xml:2:1-57:12
		INJECTED from src\main\AndroidManifest.xml
	xmlns:android
		ADDED from src\main\AndroidManifest.xml:2:11-69
uses-permission#android.permission.SEND_SMS
ADDED from src\main\AndroidManifest.xml:10:5-66
	android:name
		ADDED from src\main\AndroidManifest.xml:10:22-64
uses-permission#android.permission.ACCESS_FINE_LOCATION
ADDED from src\main\AndroidManifest.xml:11:5-78
	android:name
		ADDED from src\main\AndroidManifest.xml:11:22-76
uses-permission#android.permission.ACCESS_COARSE_LOCATION
ADDED from src\main\AndroidManifest.xml:12:5-80
	android:name
		ADDED from src\main\AndroidManifest.xml:12:22-78
uses-permission#android.permission.INTERNET
ADDED from src\main\AndroidManifest.xml:13:5-67
MERGED from [com.google.android.gms:play-services-maps:15.0.1] AndroidManifest.xml:24:5-67
MERGED from [com.google.android.gms:play-services-maps:15.0.1] AndroidManifest.xml:24:5-67
	android:name
		ADDED from src\main\AndroidManifest.xml:13:22-64
application
ADDED from src\main\AndroidManifest.xml:15:5-55:19
MERGED from [com.android.support.constraint:constraint-layout:1.1.3] AndroidManifest.xml:9:5-20
MERGED from [com.android.support.constraint:constraint-layout:1.1.3] AndroidManifest.xml:9:5-20
MERGED from [com.google.android.gms:play-services-maps:15.0.1] AndroidManifest.xml:30:5-20
MERGED from [com.google.android.gms:play-services-maps:15.0.1] AndroidManifest.xml:30:5-20
MERGED from [com.google.android.gms:play-services-base:15.0.1] AndroidManifest.xml:22:5-27:19
MERGED from [com.google.android.gms:play-services-base:15.0.1] AndroidManifest.xml:22:5-27:19
MERGED from [com.google.android.gms:play-services-tasks:15.0.1] AndroidManifest.xml:7:5-20
MERGED from [com.google.android.gms:play-services-tasks:15.0.1] AndroidManifest.xml:7:5-20
MERGED from [com.google.android.gms:play-services-basement:15.0.1] AndroidManifest.xml:22:5-26:19
MERGED from [com.google.android.gms:play-services-basement:15.0.1] AndroidManifest.xml:22:5-26:19
	android:supportsRtl
		ADDED from src\main\AndroidManifest.xml:20:9-35
	android:label
		ADDED from src\main\AndroidManifest.xml:18:9-41
	android:roundIcon
		ADDED from src\main\AndroidManifest.xml:19:9-54
	android:icon
		ADDED from src\main\AndroidManifest.xml:17:9-43
	android:allowBackup
		ADDED from src\main\AndroidManifest.xml:16:9-35
	android:theme
		ADDED from src\main\AndroidManifest.xml:21:9-40
activity#c.theinfiniteloop.rvsafe.RvAzure_login
ADDED from src\main\AndroidManifest.xml:22:9-28:20
	android:name
		ADDED from src\main\AndroidManifest.xml:22:19-48
intent-filter#action:name:android.intent.action.MAIN+category:name:android.intent.category.LAUNCHER
ADDED from src\main\AndroidManifest.xml:23:13-27:29
action#android.intent.action.MAIN
ADDED from src\main\AndroidManifest.xml:24:17-69
	android:name
		ADDED from src\main\AndroidManifest.xml:24:25-66
category#android.intent.category.LAUNCHER
ADDED from src\main\AndroidManifest.xml:26:17-77
	android:name
		ADDED from src\main\AndroidManifest.xml:26:27-74
activity#c.theinfiniteloop.rvsafe.RvAzure_Disaster_cards
ADDED from src\main\AndroidManifest.xml:29:9-32:59
	android:label
		ADDED from src\main\AndroidManifest.xml:31:13-76
	android:theme
		ADDED from src\main\AndroidManifest.xml:32:13-56
	android:name
		ADDED from src\main\AndroidManifest.xml:30:13-51
activity#c.theinfiniteloop.rvsafe.RvAzure_WantToHelpOut
ADDED from src\main\AndroidManifest.xml:33:9-35:81
	android:label
		ADDED from src\main\AndroidManifest.xml:35:13-78
	android:name
		ADDED from src\main\AndroidManifest.xml:34:13-50
activity#c.theinfiniteloop.rvsafe.RvAzure_VolunteerGroupProfile
ADDED from src\main\AndroidManifest.xml:36:9-67
	android:name
		ADDED from src\main\AndroidManifest.xml:36:19-64
meta-data#com.google.android.geo.API_KEY
ADDED from src\main\AndroidManifest.xml:45:9-47:55
	android:value
		ADDED from src\main\AndroidManifest.xml:47:13-52
	android:name
		ADDED from src\main\AndroidManifest.xml:46:13-58
activity#c.theinfiniteloop.rvsafe.donate
ADDED from src\main\AndroidManifest.xml:49:9-51:61
	android:label
		ADDED from src\main\AndroidManifest.xml:51:13-58
	android:name
		ADDED from src\main\AndroidManifest.xml:50:13-35
activity#c.theinfiniteloop.rvsafe.RvAzure_StuckInThisDisaster
ADDED from src\main\AndroidManifest.xml:52:9-54:96
	android:label
		ADDED from src\main\AndroidManifest.xml:54:13-84
	android:name
		ADDED from src\main\AndroidManifest.xml:53:13-56
uses-sdk
INJECTED from src\main\AndroidManifest.xml reason: use-sdk injection requested
INJECTED from src\main\AndroidManifest.xml
INJECTED from src\main\AndroidManifest.xml
MERGED from [com.android.support:cardview-v7:27.1.1] AndroidManifest.xml:20:5-44
MERGED from [com.android.support:cardview-v7:27.1.1] AndroidManifest.xml:20:5-44
MERGED from [com.android.support:design:27.1.1] AndroidManifest.xml:20:5-44
MERGED from [com.android.support:design:27.1.1] AndroidManifest.xml:20:5-44
MERGED from [com.android.support:recyclerview-v7:27.1.1] AndroidManifest.xml:20:5-44
MERGED from [com.android.support:recyclerview-v7:27.1.1] AndroidManifest.xml:20:5-44
MERGED from [com.android.support:appcompat-v7:27.1.1] AndroidManifest.xml:20:5-44
MERGED from [com.android.support:appcompat-v7:27.1.1] AndroidManifest.xml:20:5-44
MERGED from [com.android.support.constraint:constraint-layout:1.1.3] AndroidManifest.xml:5:5-7:41
MERGED from [com.android.support.constraint:constraint-layout:1.1.3] AndroidManifest.xml:5:5-7:41
MERGED from [com.google.android.gms:play-services-maps:15.0.1] AndroidManifest.xml:20:5-44
MERGED from [com.google.android.gms:play-services-maps:15.0.1] AndroidManifest.xml:20:5-44
MERGED from [com.google.android.gms:play-services-base:15.0.1] AndroidManifest.xml:20:5-44
MERGED from [com.google.android.gms:play-services-base:15.0.1] AndroidManifest.xml:20:5-44
MERGED from [com.google.android.gms:play-services-tasks:15.0.1] AndroidManifest.xml:5:5-44
MERGED from [com.google.android.gms:play-services-tasks:15.0.1] AndroidManifest.xml:5:5-44
MERGED from [com.google.android.gms:play-services-basement:15.0.1] AndroidManifest.xml:20:5-44
MERGED from [com.google.android.gms:play-services-basement:15.0.1] AndroidManifest.xml:20:5-44
MERGED from [com.android.support:support-v4:27.1.1] AndroidManifest.xml:20:5-44
MERGED from [com.android.support:support-v4:27.1.1] AndroidManifest.xml:20:5-44
MERGED from [com.android.support:support-fragment:27.1.1] AndroidManifest.xml:20:5-44
MERGED from [com.android.support:support-fragment:27.1.1] AndroidManifest.xml:20:5-44
MERGED from [com.android.support:animated-vector-drawable:27.1.1] AndroidManifest.xml:20:5-44
MERGED from [com.android.support:animated-vector-drawable:27.1.1] AndroidManifest.xml:20:5-44
MERGED from [com.android.support:support-core-ui:27.1.1] AndroidManifest.xml:20:5-44
MERGED from [com.android.support:support-core-ui:27.1.1] AndroidManifest.xml:20:5-44
MERGED from [com.android.support:support-core-utils:27.1.1] AndroidManifest.xml:20:5-44
MERGED from [com.android.support:support-core-utils:27.1.1] AndroidManifest.xml:20:5-44
MERGED from [com.android.support:support-vector-drawable:27.1.1] AndroidManifest.xml:20:5-44
MERGED from [com.android.support:support-vector-drawable:27.1.1] AndroidManifest.xml:20:5-44
MERGED from [com.android.support:transition:27.1.1] AndroidManifest.xml:20:5-44
MERGED from [com.android.support:transition:27.1.1] AndroidManifest.xml:20:5-44
MERGED from [com.android.support:support-media-compat:27.1.1] AndroidManifest.xml:20:5-44
MERGED from [com.android.support:support-media-compat:27.1.1] AndroidManifest.xml:20:5-44
MERGED from [com.android.support:support-compat:27.1.1] AndroidManifest.xml:20:5-44
MERGED from [com.android.support:support-compat:27.1.1] AndroidManifest.xml:20:5-44
MERGED from [android.arch.lifecycle:livedata-core:1.1.0] AndroidManifest.xml:20:5-44
MERGED from [android.arch.lifecycle:livedata-core:1.1.0] AndroidManifest.xml:20:5-44
MERGED from [android.arch.lifecycle:viewmodel:1.1.0] AndroidManifest.xml:20:5-44
MERGED from [android.arch.lifecycle:viewmodel:1.1.0] AndroidManifest.xml:20:5-44
MERGED from [android.arch.lifecycle:runtime:1.1.0] AndroidManifest.xml:20:5-44
MERGED from [android.arch.lifecycle:runtime:1.1.0] AndroidManifest.xml:20:5-44
MERGED from [android.arch.core:runtime:1.1.0] AndroidManifest.xml:20:5-44
MERGED from [android.arch.core:runtime:1.1.0] AndroidManifest.xml:20:5-44
INJECTED from src\main\AndroidManifest.xml
INJECTED from src\main\AndroidManifest.xml
	android:targetSdkVersion
		INJECTED from src\main\AndroidManifest.xml
		ADDED from src\main\AndroidManifest.xml
		INJECTED from src\main\AndroidManifest.xml
	android:minSdkVersion
		INJECTED from src\main\AndroidManifest.xml
		ADDED from src\main\AndroidManifest.xml
		INJECTED from src\main\AndroidManifest.xml
uses-permission#android.permission.ACCESS_NETWORK_STATE
ADDED from [com.google.android.gms:play-services-maps:15.0.1] AndroidManifest.xml:23:5-79
	android:name
		ADDED from [com.google.android.gms:play-services-maps:15.0.1] AndroidManifest.xml:23:22-76
uses-feature#0x00020000
ADDED from [com.google.android.gms:play-services-maps:15.0.1] AndroidManifest.xml:26:5-28:35
	android:glEsVersion
		ADDED from [com.google.android.gms:play-services-maps:15.0.1] AndroidManifest.xml:27:9-41
	android:required
		ADDED from [com.google.android.gms:play-services-maps:15.0.1] AndroidManifest.xml:28:9-32
activity#com.google.android.gms.common.api.GoogleApiActivity
ADDED from [com.google.android.gms:play-services-base:15.0.1] AndroidManifest.xml:23:9-26:75
	android:exported
		ADDED from [com.google.android.gms:play-services-base:15.0.1] AndroidManifest.xml:25:13-37
	android:theme
		ADDED from [com.google.android.gms:play-services-base:15.0.1] AndroidManifest.xml:26:13-72
	android:name
		ADDED from [com.google.android.gms:play-services-base:15.0.1] AndroidManifest.xml:24:13-79
meta-data#com.google.android.gms.version
ADDED from [com.google.android.gms:play-services-basement:15.0.1] AndroidManifest.xml:23:9-25:69
	android:value
		ADDED from [com.google.android.gms:play-services-basement:15.0.1] AndroidManifest.xml:25:13-66
	android:name
		ADDED from [com.google.android.gms:play-services-basement:15.0.1] AndroidManifest.xml:24:13-58